pnlAddPane();
nil
1
designOpen("c:\\users\\timer\\documents\\github\\hspice\\researchtry\\researchtry3.sp");
"D0"
t
pnlAddCurve(1, node(D0,"A0","i(mnw)"), node(D0,"A0","TIME"));
nil
pnlUnselectPane(1, 0);
nil
pnlSelectPane(1);
nil
pnlUnselectPane(1, 0);
nil
pnlSelectPane(1);
nil
pnlAddCurve(1, node(D0,"A0","v(vop)"), node(D0,"A0","TIME"));
nil
pnlUnselectPane(1, 0);
nil
pnlSelectPane(1);
nil
pnlDelCurve(1, node(D0,"A0","v(vop)"), node(D0,"A0","TIME"));
nil
quit();
exit
pnlDeletePane(1, 1);
nil
nil
