 ****** HSPICE -- B-2008.09 32-BIT (Aug 26 2008) winnt ******                   
  Copyright (C) 2008 Synopsys, Inc. All Rights Reserved.                        
  Unpublished-rights reserved under US copyright laws.
  This program is protected by law and is subject to the 
  terms and conditions of the license agreement from Synopsys.
  Use of this program is your acceptance to be bound by the 
  license agreement. HSPICE is the trademark of Synopsys, Inc.
  Input File: c:\users\timer\documents\github\hspice\gm\classabgm\classabgm_b.sp
 Init: read install configuration file: C:\synopsys\Hspice_B-2008.09\meta.cfg
 Init: hspice initialization file: C:\synopsys\Hspice_B-2008.09\hspice.ini




 .options abstol=1e-7 reltol=1e-7
 + post=1 captab accurate=1 ingold=1

 ***netlist***

 m1n sn vx   vdd vdd pch w = 10u l = 0.4u m = 2
 m3n vx vinp sn  sn  pch w = 8u  l = 0.4u m = 1
 m2n sp vx   vdd vdd pch w = 10u l = 0.4u m = 2
 m4n vx vinn sp  sp  pch w = 8u  l = 0.4u m = 1
 mb  vx vb   vss vss nch w = 15u  l = 1u m = 2

 min ion vinn sn sn pch  w = 1u l = 0.4u m = 2
 mip iop vinp sp sp pch  w = 1u l = 0.4u m = 2

 ***source***
 vd vdd gnd dc = 3.3
 vs vss gnd dc = 0
 vbi vb   gnd dc = 0.4

 .param diff = 0
 vip vinp gnd dc = '2.5-diff'
 vin vinn gnd dc = '2.5+diff'

 en ion gnd opamp vref ion
 ep iop gnd opamp vref iop
 vr vref gnd dc = 1.65

 ***
 .op
 .dc sweep diff -0.5 0.5 0.001
 .probe i(en), i(ep) idiff = par('i(ep)-i(en)')
 .end


 **warning**  the accurate option increases  the cpu time but the results
                are more accurate.
 ***accurate option sets default value of the options: 
 lvltim= 4         dvdt= 3       relvar= 200.00m absvar= 200.00m
     ft= 200.00m relmos=  10.00m
 (used for FFT control ) fft_accurate= 1
 

 
      

 **diagnostic** dc convergence failure, 
 resetting dcon option to 1 and retrying

 **diagnostic** dc convergence successful
 you can increase the efficiency of the
 operating point calculation by setting dcon= 1
 in the .option statement

 **diagnostic** dc convergence failure, 
 resetting dcon option to 1 and retrying

 **diagnostic** dc convergence successful
 you can increase the efficiency of the
 operating point calculation by setting dcon= 1
 in the .option statement
1****** HSPICE -- B-2008.09 32-BIT (Aug 26 2008) winnt ******                   
 ******  
 *classabgm_b

  ******  operating point information tnom=  25.000 temp=  25.000 *****
 ***** operating point status is all       simulation time is     0.     
    node    =voltage      node    =voltage      node    =voltage

 +0:ion     =   1.6500  0:iop     =   1.6500  0:sn      =   3.1014 
 +0:sp      =   3.1014  0:vb      =   0.4000  0:vdd     =   3.3000 
 +0:vinn    =   2.5000  0:vinp    =   2.5000  0:vref    =   1.6500 
 +0:vss     =   0.      0:vx      =   2.7164 


 maximum nodal capacitance=   1.793E-13         on node     0:vdd             

    nodal  capacitance table 

    node    =    cap      node    =    cap      node    =    cap

 +0:ion     = 3.070e-15 0:iop     = 3.070e-15 0:sn      = 7.648e-14
 +0:sp      = 7.648e-14 0:vb      = 4.214e-14 0:vdd     = 1.793e-13
 +0:vinn    = 6.620e-15 0:vinp    = 6.620e-15 0:vref    =   0.     
 +0:vss     = 1.238e-13 0:vx      = 7.465e-14

 

 ****  voltage sources

 subckt                                                                    
 element  0:vd       0:vs       0:vbi      0:vip      0:vin      0:vr      
  volts      3.3000     0.         0.4000     2.5000     2.5000     1.6500 
  current -2.995e-06  2.094e-06    0.         0.         0.         0.     
  power    9.884e-06    0.         0.         0.         0.         0.     

     total voltage source power dissipation=  9.884e-06       watts



 **** voltage-controlled voltage sources


 subckt                        
 element  0:en       0:ep      
  volts      1.6431     1.6431 
  current  4.507e-07  4.507e-07





 **** mosfets


 subckt                                                                    
 element  0:m1n      0:m3n      0:m2n      0:m4n      0:mb       0:min     
 model    0:pch.3    0:pch.3    0:pch.3    0:pch.3    0:nch.2    0:pch.6   
 region       Cutoff     Cutoff     Cutoff     Cutoff     Cutoff     Cutoff
  id      -1.498e-06 -1.047e-06 -1.498e-06 -1.047e-06  2.087e-06 -4.507e-07
  ibs      2.969e-19  2.082e-19  2.969e-19  2.082e-19 -3.074e-18  9.820e-20
  ibd      1.862e-15  7.513e-16  1.862e-15  7.513e-16 -6.450e-09  3.480e-14
  vgs       -0.5836    -0.6014    -0.5836    -0.6014     0.4000    -0.6014 
  vds       -0.1986    -0.3850    -0.1986    -0.3850     2.7164    -1.4514 
  vbs        0.         0.         0.         0.         0.         0.     
  vth       -0.6181    -0.6136    -0.6181    -0.6136     0.4651    -0.6166 
  vdsat   -5.882e-02 -6.618e-02 -5.882e-02 -6.618e-02  4.932e-02 -7.901e-02
  vod      3.451e-02  1.217e-02  3.451e-02  1.217e-02 -6.514e-02  1.515e-02
  beta     2.955e-03  1.178e-03  2.955e-03  1.178e-03  7.635e-03  2.645e-04
  gam eff    0.4806     0.4782     0.4806     0.4782     0.4743     0.4108 
  gm       3.318e-05  2.221e-05  3.318e-05  2.221e-05  5.018e-05  7.506e-06
  gds      1.418e-06  8.391e-07  1.418e-06  8.391e-07  3.288e-07  2.501e-07
  gmb      7.172e-06  4.743e-06  7.172e-06  4.743e-06  1.490e-05  1.581e-06
  cdtot    2.851e-14  1.082e-14  2.851e-14  1.082e-14  2.785e-14  3.070e-15
  cgtot    1.257e-14  5.048e-15  1.257e-14  5.048e-15  4.214e-14  1.571e-15
  cstot    3.095e-14  1.254e-14  3.095e-14  1.254e-14  3.815e-14  4.587e-15
  cbtot    5.871e-14  2.307e-14  5.871e-14  2.307e-14  8.567e-14  7.766e-15
  cgs      3.330e-15  1.336e-15  3.330e-15  1.336e-15  5.618e-15  3.656e-16
  cgd      3.330e-15  1.336e-15  3.330e-15  1.336e-15  5.618e-15  3.656e-16



 subckt             
 element  0:mip     
 model    0:pch.6   
 region       Cutoff
  id      -4.507e-07
  ibs      9.820e-20
  ibd      3.480e-14
  vgs       -0.6014 
  vds       -1.4514 
  vbs        0.     
  vth       -0.6166 
  vdsat   -7.901e-02
  vod      1.515e-02
  beta     2.645e-04
  gam eff    0.4108 
  gm       7.506e-06
  gds      2.501e-07
  gmb      1.581e-06
  cdtot    3.070e-15
  cgtot    1.571e-15
  cstot    4.587e-15
  cbtot    7.766e-15
  cgs      3.656e-16
  cgd      3.656e-16




          ***** job concluded
1****** HSPICE -- B-2008.09 32-BIT (Aug 26 2008) winnt ******                   
 ******  
 *classabgm_b

  ******  job statistics summary tnom=  25.000 temp=  25.000 *****

  ******  HSPICE Threads Information  ******
  Command Line Threads Count:                      0
  Available CPU Count:                             4
  Actual Model Evaluation(Load) Threads Count:     1
  Actual Solver Threads Count:                     1


  ******  Circuit Statistics  ******
  # nodes       =      28  # elements   =      17
  # resistors   =       0  # capacitors =       0  # inductors   =       0
  # mutual_inds =       0  # vccs       =       0  # vcvs        =       2
  # cccs        =       0  # ccvs       =       0  # volt_srcs   =       8
  # curr_srcs   =       0  # diodes     =       0  # bjts        =       0
  # jfets       =       0  # mosfets    =       7  # U elements  =       0
  # T elements  =       0  # W elements =       0  # B elements  =       0
  # S elements  =       0  # P elements =       0  # va device   =       0


  ******  Runtime Statistics (seconds)  ******

  analysis           time    # points   tot. iter  conv.iter
  op point           0.05           1         261
  dc sweep           0.20        1001        2258
  readin             0.11
  errchk             0.04
  setup              0.01
  output             0.00


           total memory used          226  kbytes
           total cpu time            0.43 seconds
           total elapsed time           1 seconds
           job started at     16:29:58 12/24/2015
           job ended   at     16:29:59 12/24/2015


 Init: hspice initialization file: C:\synopsys\Hspice_B-2008.09\hspice.ini
