pnlAddPane();
nil
1
designOpen("c:\\users\\timer\\documents\\github\\hspice\\gm\\simple2stagegm\\my-gm.sp");
"D0"
t
pnlAddCurve(1, node(D0,"A1","i(e1)"), node(D0,"A1","diff"));
nil
De1=(derivative(node(D0,"A1","i(e1)")));
dbObject
pnlAddCurve(1, node(D0,"A1","De1"), node(D0,"A1","diff"));
nil
pnlUnselectPane(1, 0);
nil
pnlSelectPane(1);
nil
pnlUnselectPane(1, 0);
nil
pnlSelectPane(1);
nil
updateAll();
dbObject
t
pnlUnselectPane(1, 1);
nil
nil
updateAll();
dbObject
t
pnlUnselectPane(1, 0);
nil
pnlSelectPane(1);
nil
updateAll();
dbObject
t
pnlUnselectPane(1, 0);
nil
pnlSelectPane(1);
nil
updateAll();
dbObject
t
pnlUnselectPane(1, 0);
nil
pnlSelectPane(1);
nil
updateAll();
dbObject
t
pnlUnselectPane(1, 0);
nil
pnlSelectPane(1);
nil
updateAll();
dbObject
t
pnlUnselectPane(1, 0);
nil
pnlSelectPane(1);
nil
updateAll();
dbObject
t
pnlUnselectPane(1, 0);
nil
pnlSelectPane(1);
nil
updateAll();
dbObject
t
pnlUnselectPane(1, 0);
nil
pnlSelectPane(1);
nil
updateAll();
dbObject
t
pnlUnselectPane(1, 0);
nil
pnlSelectPane(1);
nil
updateAll();
dbObject
t
pnlUnselectPane(1, 0);
nil
pnlSelectPane(1);
nil
updateAll();
dbObject
t
pnlUnselectPane(1, 0);
nil
pnlSelectPane(1);
nil
updateAll();
dbObject
t
pnlUnselectPane(1, 0);
nil
pnlSelectPane(1);
nil
updateAll();
dbObject
t
pnlUnselectPane(1, 0);
nil
pnlSelectPane(1);
nil
updateAll();
dbObject
t
pnlUnselectPane(1, 0);
nil
pnlSelectPane(1);
nil
updateAll();
dbObject
t
pnlUnselectPane(1, 0);
nil
pnlSelectPane(1);
nil
updateAll();
dbObject
t
pnlUnselectPane(1, 0);
nil
pnlSelectPane(1);
nil
updateAll();
dbObject
t
pnlUnselectPane(1, 0);
nil
pnlSelectPane(1);
nil
updateAll();
dbObject
t
pnlUnselectPane(1, 0);
nil
pnlSelectPane(1);
nil
updateAll();
dbObject
t
pnlUnselectPane(1, 0);
nil
pnlSelectPane(1);
nil
updateAll();
dbObject
t
pnlUnselectPane(1, 0);
nil
pnlSelectPane(1);
nil
updateAll();
dbObject
t
pnlUnselectPane(1, 0);
nil
pnlSelectPane(1);
nil
updateAll();
dbObject
t
pnlUnselectPane(1, 0);
nil
pnlSelectPane(1);
nil
updateAll();
dbObject
t
pnlUnselectPane(1, 0);
nil
pnlSelectPane(1);
nil
updateAll();
dbObject
t
pnlUnselectPane(1, 0);
nil
pnlSelectPane(1);
nil
pnlUnselectPane(1, 0);
nil
pnlSelectPane(1);
nil
updateAll();
dbObject
t
pnlUnselectPane(1, 0);
nil
pnlSelectPane(1);
nil
updateAll();
dbObject
t
pnlUnselectPane(1, 0);
nil
pnlSelectPane(1);
nil
updateAll();
dbObject
t
pnlUnselectPane(1, 0);
nil
pnlSelectPane(1);
nil
updateAll();
dbObject
t
pnlUnselectPane(1, 0);
nil
pnlSelectPane(1);
nil
updateAll();
dbObject
t
pnlUnselectPane(1, 0);
nil
pnlSelectPane(1);
nil
updateAll();
dbObject
t
pnlUnselectPane(1, 0);
nil
pnlSelectPane(1);
nil
updateAll();
dbObject
t
pnlAddPane();
nil
nil
2
pnlAddCurve(2, node(D0,"A1","par(idiff)"), node(D0,"A1","diff"));
nil
pnlUnselectPane(2, 0);
nil
pnlSelectPane(2);
nil
Didiff=(derivative(node(D0,"A1","par(idiff)")));
dbObject
pnlAddCurve(2, node(D0,"A1","Didiff"), node(D0,"A1","diff"));
nil
pnlUnselectPane(2, 0);
nil
pnlSelectPane(2);
nil
pnlUnselectPane(2, 1);
nil
nil
pnlUnselectPane(1, 0);
nil
pnlSelectPane(2);
nil
pnlUnselectPane(2, 0);
nil
pnlSelectPane(2);
nil
updateAll();
dbObject
dbObject
t
pnlUnselectPane(2, 0);
nil
pnlSelectPane(2);
nil
updateAll();
dbObject
dbObject
t
pnlUnselectPane(2, 0);
nil
pnlSelectPane(2);
nil
updateAll();
dbObject
dbObject
t
pnlUnselectPane(2, 0);
nil
pnlSelectPane(2);
nil
updateAll();
dbObject
dbObject
t
pnlUnselectPane(2, 0);
nil
pnlSelectPane(2);
nil
updateAll();
dbObject
dbObject
t
pnlUnselectPane(2, 0);
nil
pnlSelectPane(2);
nil
updateAll();
dbObject
dbObject
t
pnlUnselectPane(2, 0);
nil
pnlSelectPane(2);
nil
updateAll();
dbObject
dbObject
t
pnlUnselectPane(2, 0);
nil
pnlSelectPane(2);
nil
updateAll();
dbObject
dbObject
t
pnlUnselectPane(2, 0);
nil
pnlSelectPane(2);
nil
updateAll();
dbObject
dbObject
t
pnlUnselectPane(2, 0);
nil
pnlSelectPane(2);
nil
updateAll();
dbObject
dbObject
t
pnlUnselectPane(2, 0);
nil
pnlSelectPane(2);
nil
updateAll();
dbObject
dbObject
t
pnlUnselectPane(2, 0);
nil
pnlSelectPane(2);
nil
updateAll();
dbObject
dbObject
t
pnlUnselectPane(2, 0);
nil
pnlSelectPane(2);
nil
updateAll();
dbObject
dbObject