pnlAddPane();
nil
1
designOpen("c:\\users\\timer\\documents\\github\\hspice\\op\\subvthop_twostage\\trypolezero\\my-op_2stage.sp");
"D0"
t
pnlAddCurve(1, node(D0,"A0","par(gainall)"), node(D0,"A0","HERTZ"));
nil
pnlAddPane();
nil
nil
2
pnlAddCurve(2, node(D0,"A0","par(phaseall)"), node(D0,"A0","HERTZ"));
nil
pnlUnselectPane(2, 0);
nil
pnlSelectPane(2);
nil
updateAll();
t
pnlUnselectPane(2, 0);
nil
pnlSelectPane(2);
nil
updateAll();
t
pnlUnselectPane(2, 0);
nil
pnlSelectPane(2);
nil
updateAll();
t
pnlUnselectPane(2, 0);
nil
pnlSelectPane(2);
nil
updateAll();
t
pnlUnselectPane(2, 0);
nil
pnlSelectPane(2);
nil
updateAll();
t
pnlUnselectPane(2, 0);
nil
pnlSelectPane(2);
nil
updateAll();
t
pnlUnselectPane(2, 0);
nil
pnlSelectPane(2);
nil
updateAll();
t
pnlUnselectPane(2, 0);
nil
pnlSelectPane(2);
nil
updateAll();
t
pnlUnselectPane(2, 0);
nil
pnlSelectPane(2);
nil
updateAll();
t
pnlUnselectPane(2, 0);
nil
pnlSelectPane(2);
nil
updateAll();
t
pnlUnselectPane(2, 0);
nil
pnlSelectPane(2);
nil
updateAll();
t
updateAll();
t
pnlUnselectPane(2, 0);
nil
pnlSelectPane(2);
nil
updateAll();
t
pnlUnselectPane(2, 0);
nil
pnlSelectPane(2);
nil
updateAll();
t
pnlUnselectPane(2, 0);
nil
pnlSelectPane(2);
nil
updateAll();
t
pnlDeletePane(2, 1);
nil
nil
nil
pnlDeletePane(1, 1);
nil
nil
