pnlAddPane();
nil
1
designOpen("c:\\users\\timer\\documents\\github\\hspice\\pwmadc\\vco.sp");
"D0"
t
pnlAddCurve(1, node(D0,"A0","v(osc_out)"), node(D0,"A0","TIME"));
nil
pnlAddPane();
nil
nil
2
pnlAddCurve(2, node(D0,"A0","v(st_in)"), node(D0,"A0","TIME"));
nil
pnlUnselectPane(2, 0);
nil
pnlSelectPane(2);
nil
pnlUnselectPane(2, 0);
nil
pnlSelectPane(1);
nil
pnlAddCurve(1, node(D0,"A0","v(st_in)"), node(D0,"A0","TIME"));
nil
pnlUnselectPane(1, 0);
nil
pnlSelectPane(1);
nil
pnlUnselectPane(1, 0);
nil
pnlSelectPane(2);
nil
updateAll();
t
pnlUnselectPane(2, 0);
nil
pnlSelectPane(2);
nil
updateAll();
t
pnlUnselectPane(2, 0);
nil
pnlSelectPane(1);
nil
pnlAddCurve(1, node(D0,"A0","v(st_out)"), node(D0,"A0","TIME"));
nil
pnlUnselectPane(1, 0);
nil
pnlSelectPane(1);
nil
pnlUnselectPane(1, 0);
nil
pnlSelectPane(2);
nil
pnlDeletePane(2, 0);
nil
nil
pnlSelectPane(1);
nil
pnlUnselectPane(1, 0);
nil
pnlSelectPane(1);
nil
updateAll();
t
pnlUnselectPane(1, 0);
nil
pnlSelectPane(1);
nil
pnlUnselectPane(1, 0);
nil
pnlSelectPane(1);
nil
updateAll();
t
pnlUnselectPane(1, 0);
nil
pnlSelectPane(1);
nil
updateAll();
t
pnlUnselectPane(1, 0);
nil
pnlSelectPane(1);
nil
updateAll();
t
pnlUnselectPane(1, 0);
nil
pnlSelectPane(1);
nil
updateAll();
t
updateAll();
t
updateAll();
t
pnlUnselectPane(1, 0);
nil
pnlSelectPane(1);
nil
pnlUnselectPane(1, 0);
nil
pnlSelectPane(1);
nil
pnlUnselectPane(1, 0);
nil
pnlSelectPane(1);
nil
pnlUnselectPane(1, 0);
nil
pnlSelectPane(1);
nil
pnlUnselectPane(1, 0);
nil
pnlSelectPane(1);
nil
updateAll();
t
pnlUnselectPane(1, 0);
nil
pnlSelectPane(1);
nil
updateAll();
t
pnlUnselectPane(1, 0);
nil
pnlSelectPane(1);
nil
updateAll();
t
pnlUnselectPane(1, 0);
nil
pnlSelectPane(1);
nil
pnlUnselectPane(1, 0);
nil
pnlSelectPane(1);
nil
updateAll();
t
pnlUnselectPane(1, 0);
nil
pnlSelectPane(1);
nil
updateAll();
t
pnlUnselectPane(1, 0);
nil
pnlSelectPane(1);
nil
updateAll();
t
pnlUnselectPane(1, 0);
nil
pnlSelectPane(1);
nil
updateAll();
t
pnlUnselectPane(1, 0);
nil
pnlSelectPane(1);
nil
updateAll();
t
pnlUnselectPane(1, 0);
nil
pnlSelectPane(1);
nil
updateAll();
t
pnlUnselectPane(1, 0);
nil
pnlSelectPane(1);
nil
updateAll();
t
pnlUnselectPane(1, 0);
nil
pnlSelectPane(1);
nil
updateAll();
t
pnlDeletePane(1, 1);
nil
nil
