pnlAddPane();
nil
1
designOpen("c:\\users\\timer\\documents\\github\\hspice\\pwmadc\\ota\\ota.sp");
"D0"
t
pnlAddCurve(1, node(D0,"A1","idiff"), node(D0,"A1","vdiff"));
nil
pnlAddCurve(1, node(D0,"A1","i(vsn)"), node(D0,"A1","vdiff"));
nil
pnlAddCurve(1, node(D0,"A1","i(vsp)"), node(D0,"A1","vdiff"));
nil
pnlUnselectPane(1, 0);
nil
pnlSelectPane(1);
nil
pnlAddCurve(1, node(D0,"A1","idiff"), node(D0,"A1","vdiff"));
nil
pnlUnselectPane(1, 0);
nil
pnlSelectPane(1);
nil
updateAll();
t
updateAll();
t
updateAll();
t
pnlUnselectPane(1, 0);
nil
pnlSelectPane(1);
nil
pnlUnselectPane(1, 0);
nil
pnlSelectPane(1);
nil
updateAll();
t
updateAll();
t
updateAll();
t
updateAll();
t
pnlAddCurve(1, node(D0,"A1","vdiff"), node(D0,"A1","vdiff"));
nil
pnlAddCurve(1, node(D0,"A1","par(idiff)"), node(D0,"A1","vdiff"));
nil
pnlDelCurve(1, node(D0,"A1","idiff"), node(D0,"A1","vdiff"));
nil
pnlAddCurve(1, node(D0,"A1","par(idiff)"), node(D0,"A1","vdiff"));
nil
pnlUnselectPane(1, 0);
nil
pnlSelectPane(1);
nil
pnlUnselectPane(1, 0);
nil
pnlSelectPane(1);
nil
pnlUnselectPane(1, 0);
nil
pnlSelectPane(1);
nil
updateAll();
t
pnlUnselectPane(1, 0);
nil
pnlSelectPane(1);
nil
updateAll();
t
pnlUnselectPane(1, 0);
nil
pnlSelectPane(1);
nil
updateAll();
t
pnlUnselectPane(1, 0);
nil
pnlSelectPane(1);
nil
updateAll();
t
pnlAddPane();
nil
nil
2
pnlAddCurve(2, node(D0,"A2","par(idiff)"), node(D0,"A2","TIME"));
nil
pnlAddCurve(2, node(D0,"A2","v(vb)"), node(D0,"A2","TIME"));
nil
pnlUnselectPane(2, 0);
nil
pnlSelectPane(2);
nil
pnlUnselectPane(2, 0);
nil
pnlSelectPane(2);
nil
updateAll();
t
pnlUnselectPane(2, 0);
nil
pnlSelectPane(2);
nil
updateAll();
t
quit();
exit
pnlDeletePane(2, 1);
nil
nil
nil
pnlDeletePane(1, 1);
nil
nil
